#
# There is insufficient memory for the Java Runtime Environment to continue.
# Native memory allocation (malloc) failed to allocate 332416 bytes for Chunk::new
# Possible reasons:
#   The system is out of physical RAM or swap space
#   The process is running with CompressedOops enabled, and the Java Heap may be blocking the growth of the native heap
# Possible solutions:
#   Reduce memory load on the system
#   Increase physical memory or swap space
#   Check if swap backing store is full
#   Decrease Java heap size (-Xmx/-Xms)
#   Decrease number of Java threads
#   Decrease Java thread stack sizes (-Xss)
#   Set larger code cache with -XX:ReservedCodeCacheSize=
#   JVM is running with Unscaled Compressed Oops mode in which the Java heap is
#     placed in the first 4GB address space. The Java Heap base address is the
#     maximum limit for the native heap growth. Please use -XX:HeapBaseMinAddress
#     to set the Java Heap base and to place the Java Heap above 4GB virtual address.
# This output file may be truncated or incomplete.
#
#  Out of Memory Error (allocation.cpp:389), pid=17744, tid=0x000000000000b2bc
#
# JRE version: Java(TM) SE Runtime Environment (8.0_221-b11) (build 1.8.0_221-b11)
# Java VM: Java HotSpot(TM) 64-Bit Server VM (25.221-b11 mixed mode windows-amd64 compressed oops)
# Failed to write core dump. Minidumps are not enabled by default on client versions of Windows
#

---------------  T H R E A D  ---------------

Current thread (0x00000000178cb000):  JavaThread "C2 CompilerThread1" daemon [_thread_in_native, id=45756, stack(0x00000000193c0000,0x00000000194c0000)]

Stack: [0x00000000193c0000,0x00000000194c0000]
[error occurred during error reporting (printing stack bounds), id 0xc0000005]

Native frames: (J=compiled Java code, j=interpreted, Vv=VM code, C=native code)


Current CompileTask:
C2:   3523  486       4       java.io.WinNTFileSystem::normalize (143 bytes)


---------------  P R O C E S S  ---------------

Java Threads: ( => current thread )
  0x0000000018fcb000 JavaThread "Service Thread" daemon [_thread_blocked, id=24296, stack(0x00000000195c0000,0x00000000196c0000)]
  0x00000000178cd800 JavaThread "C1 CompilerThread2" daemon [_thread_blocked, id=40256, stack(0x00000000194c0000,0x00000000195c0000)]
=>0x00000000178cb000 JavaThread "C2 CompilerThread1" daemon [_thread_in_native, id=45756, stack(0x00000000193c0000,0x00000000194c0000)]
  0x0000000017875000 JavaThread "C2 CompilerThread0" daemon [_thread_in_native, id=43600, stack(0x0000000018ec0000,0x0000000018fc0000)]
  0x0000000017872000 JavaThread "Attach Listener" daemon [_thread_blocked, id=31856, stack(0x0000000018dc0000,0x0000000018ec0000)]
  0x0000000017870800 JavaThread "Signal Dispatcher" daemon [_thread_blocked, id=44000, stack(0x0000000018cc0000,0x0000000018dc0000)]
  0x0000000002d2c800 JavaThread "Finalizer" daemon [_thread_blocked, id=44608, stack(0x0000000018ac0000,0x0000000018bc0000)]
  0x0000000002d24000 JavaThread "Reference Handler" daemon [_thread_blocked, id=31684, stack(0x00000000189c0000,0x0000000018ac0000)]
  0x0000000002c33800 JavaThread "main" [_thread_in_native, id=10200, stack(0x0000000002b30000,0x0000000002c30000)]

Other Threads:
  0x0000000017837800 VMThread [stack: 0x00000000188c0000,0x00000000189c0000] [id=38092]
  0x0000000018fdf000 WatcherThread [stack: 0x00000000196c0000,0x00000000197c0000] [id=30380]

VM state:not at safepoint (normal execution)

VM Mutex/Monitor currently owned by a thread: None

heap address: 0x0000000081a00000, size: 2022 MB, Compressed Oops mode: 32-bit
Narrow klass base: 0x0000000000000000, Narrow klass shift: 3
Compressed class space size: 1073741824 Address: 0x0000000100000000

Heap:
 PSYoungGen      total 38400K, used 20106K [0x00000000d5e00000, 0x00000000d8880000, 0x0000000100000000)
  eden space 33280K, 60% used [0x00000000d5e00000,0x00000000d71a2a60,0x00000000d7e80000)
  from space 5120K, 0% used [0x00000000d8380000,0x00000000d8380000,0x00000000d8880000)
  to   space 5120K, 0% used [0x00000000d7e80000,0x00000000d7e80000,0x00000000d8380000)
 ParOldGen       total 87552K, used 0K [0x0000000081a00000, 0x0000000086f80000, 0x00000000d5e00000)
  object space 87552K, 0% used [0x0000000081a00000,0x0000000081a00000,0x0000000086f80000)
 Metaspace       used 8132K, capacity 8256K, committed 8448K, reserved 1058816K
  class space    used 950K, capacity 1008K, committed 1024K, reserved 1048576K

Card table byte_map: [0x00000000120f0000,0x00000000124f0000] byte_map_base: 0x0000000011ce3000

Marking Bits: (ParMarkBitMap*) 0x0000000067415ce0
 Begin Bits: [0x0000000012ba0000, 0x0000000014b38000)
 End Bits:   [0x0000000014b38000, 0x0000000016ad0000)

Polling page: 0x00000000009f0000

CodeCache: size=245760Kb used=2398Kb max_used=2398Kb free=243361Kb
 bounds [0x0000000002d30000, 0x0000000002fa0000, 0x0000000011d30000]
 total_blobs=826 nmethods=488 adapters=250
 compilation: enabled

Compilation events (10 events):
Event: 3.502 Thread 0x00000000178cd800 nmethod 483 0x0000000002f86210 code [0x0000000002f86380, 0x0000000002f865b0]
Event: 3.502 Thread 0x00000000178cd800  485       3       java.util.jar.JarFile::access$200 (5 bytes)
Event: 3.502 Thread 0x00000000178cd800 nmethod 485 0x0000000002f86690 code [0x0000000002f86800, 0x0000000002f86968]
Event: 3.503 Thread 0x0000000017875000  487   !   4       java.util.zip.ZipFile::getEntry (101 bytes)
Event: 3.505 Thread 0x00000000178cd800  489       3       java.lang.String::compareTo (78 bytes)
Event: 3.505 Thread 0x00000000178cd800 nmethod 489 0x0000000002f86a10 code [0x0000000002f86b80, 0x0000000002f86ed0]
Event: 3.505 Thread 0x00000000178cd800  490       3       java.util.TreeMap::parentOf (13 bytes)
Event: 3.505 Thread 0x00000000178cd800 nmethod 490 0x0000000002f87110 code [0x0000000002f87260, 0x0000000002f873f0]
Event: 3.506 Thread 0x00000000178cd800  491       3       java.lang.String::compareTo (9 bytes)
Event: 3.506 Thread 0x00000000178cd800 nmethod 491 0x0000000002f87490 code [0x0000000002f87600, 0x0000000002f878e8]

GC Heap History (0 events):
No events

Deoptimization events (2 events):
Event: 3.007 Thread 0x0000000002c33800 Uncommon trap: reason=unstable_if action=reinterpret pc=0x0000000002ed10b0 method=java.lang.String.indexOf([CII[CIII)I @ 3
Event: 3.379 Thread 0x0000000002c33800 Uncommon trap: reason=range_check action=make_not_entrant pc=0x0000000002f5f620 method=sun.reflect.generics.parser.SignatureParser.current()C @ 34

Classes redefined (0 events):
No events

Internal exceptions (10 events):
Event: 3.251 Thread 0x0000000002c33800 Exception <a 'java/lang/ArrayIndexOutOfBoundsException'> (0x00000000d6cbc6f8) thrown at [C:\re\workspace\8-2-build-windows-amd64-cygwin\jdk8u221\13320\hotspot\src\share\vm\runtime\sharedRuntime.cpp, line 605]
Event: 3.251 Thread 0x0000000002c33800 Exception <a 'java/lang/ArrayIndexOutOfBoundsException'> (0x00000000d6cbd328) thrown at [C:\re\workspace\8-2-build-windows-amd64-cygwin\jdk8u221\13320\hotspot\src\share\vm\runtime\sharedRuntime.cpp, line 605]
Event: 3.360 Thread 0x0000000002c33800 Exception <a 'java/lang/ArrayIndexOutOfBoundsException'> (0x00000000d6dcc560) thrown at [C:\re\workspace\8-2-build-windows-amd64-cygwin\jdk8u221\13320\hotspot\src\share\vm\runtime\sharedRuntime.cpp, line 605]
Event: 3.361 Thread 0x0000000002c33800 Exception <a 'java/lang/ArrayIndexOutOfBoundsException'> (0x00000000d6dcdaf8) thrown at [C:\re\workspace\8-2-build-windows-amd64-cygwin\jdk8u221\13320\hotspot\src\share\vm\runtime\sharedRuntime.cpp, line 605]
Event: 3.372 Thread 0x0000000002c33800 Exception <a 'java/lang/ArrayIndexOutOfBoundsException'> (0x00000000d6e06eb8) thrown at [C:\re\workspace\8-2-build-windows-amd64-cygwin\jdk8u221\13320\hotspot\src\share\vm\runtime\sharedRuntime.cpp, line 605]
Event: 3.372 Thread 0x0000000002c33800 Exception <a 'java/lang/ArrayIndexOutOfBoundsException'> (0x00000000d6e08450) thrown at [C:\re\workspace\8-2-build-windows-amd64-cygwin\jdk8u221\13320\hotspot\src\share\vm\runtime\sharedRuntime.cpp, line 605]
Event: 3.379 Thread 0x0000000002c33800 Exception <a 'java/lang/ArrayIndexOutOfBoundsException'> (0x00000000d6e37f78) thrown at [C:\re\workspace\8-2-build-windows-amd64-cygwin\jdk8u221\13320\hotspot\src\share\vm\runtime\sharedRuntime.cpp, line 605]
Event: 3.379 Thread 0x0000000002c33800 Exception <a 'java/lang/ArrayIndexOutOfBoundsException'> (0x00000000d6e39510) thrown at [C:\re\workspace\8-2-build-windows-amd64-cygwin\jdk8u221\13320\hotspot\src\share\vm\runtime\sharedRuntime.cpp, line 605]
Event: 3.379 Thread 0x0000000002c33800 Exception <a 'java/lang/ArrayIndexOutOfBoundsException': 113> (0x00000000d6e3ad18) thrown at [C:\re\workspace\8-2-build-windows-amd64-cygwin\jdk8u221\13320\hotspot\src\share\vm\interpreter\interpreterRuntime.cpp, line 368]
Event: 3.380 Thread 0x0000000002c33800 Exception <a 'java/lang/ArrayIndexOutOfBoundsException': 138> (0x00000000d6e3c6b8) thrown at [C:\re\workspace\8-2-build-windows-amd64-cygwin\jdk8u221\13320\hotspot\src\share\vm\interpreter\interpreterRuntime.cpp, line 368]

Events (10 events):
Event: 3.515 loading class com/sun/jersey/core/impl/provider/entity/BaseFormProvider
Event: 3.515 loading class com/sun/jersey/core/impl/provider/entity/BaseFormProvider done
Event: 3.516 loading class com/sun/jersey/core/impl/provider/entity/FormMultivaluedMapProvider
Event: 3.516 loading class com/sun/jersey/core/impl/provider/entity/FormMultivaluedMapProvider done
Event: 3.517 loading class com/sun/jersey/core/impl/provider/entity/XMLRootElementProvider$App
Event: 3.517 loading class com/sun/jersey/core/impl/provider/entity/XMLRootElementProvider$App done
Event: 3.518 loading class com/sun/jersey/core/impl/provider/entity/XMLRootElementProvider
Event: 3.518 loading class com/sun/jersey/core/impl/provider/entity/XMLRootElementProvider done
Event: 3.519 loading class com/sun/jersey/core/impl/provider/entity/XMLRootElementProvider$Text
Event: 3.519 loading class com/sun/jersey/core/impl/provider/entity/XMLRootElementProvider$Text done


Dynamic libraries:
0x00007ff62e8a0000 - 0x00007ff62e8d7000 	C:\java64\bin\javaw.exe
0x00007ffb21560000 - 0x00007ffb21750000 	C:\WINDOWS\SYSTEM32\ntdll.dll
0x00007ffb212e0000 - 0x00007ffb21392000 	C:\WINDOWS\System32\KERNEL32.DLL
0x00007ffb1e5a0000 - 0x00007ffb1e843000 	C:\WINDOWS\System32\KERNELBASE.dll
0x00007ffb21230000 - 0x00007ffb212d3000 	C:\WINDOWS\System32\ADVAPI32.dll
0x00007ffb20cb0000 - 0x00007ffb20d4e000 	C:\WINDOWS\System32\msvcrt.dll
0x00007ffb21480000 - 0x00007ffb21517000 	C:\WINDOWS\System32\sechost.dll
0x00007ffb1fa20000 - 0x00007ffb1fb40000 	C:\WINDOWS\System32\RPCRT4.dll
0x00007ffb20d50000 - 0x00007ffb20ee3000 	C:\WINDOWS\System32\USER32.dll
0x00007ffb1f530000 - 0x00007ffb1f551000 	C:\WINDOWS\System32\win32u.dll
0x00007ffb1f630000 - 0x00007ffb1f656000 	C:\WINDOWS\System32\GDI32.dll
0x00007ffb1f290000 - 0x00007ffb1f424000 	C:\WINDOWS\System32\gdi32full.dll
0x00007ffb1e870000 - 0x00007ffb1e90e000 	C:\WINDOWS\System32\msvcp_win.dll
0x00007ffb1f430000 - 0x00007ffb1f52a000 	C:\WINDOWS\System32\ucrtbase.dll
0x00007ffb14c20000 - 0x00007ffb14ea5000 	C:\WINDOWS\WinSxS\amd64_microsoft.windows.common-controls_6595b64144ccf1df_6.0.18362.295_none_e6c3acbd13101292\COMCTL32.dll
0x00007ffb20ef0000 - 0x00007ffb21226000 	C:\WINDOWS\System32\combase.dll
0x00007ffb1f590000 - 0x00007ffb1f610000 	C:\WINDOWS\System32\bcryptPrimitives.dll
0x00007ffb20c20000 - 0x00007ffb20c4e000 	C:\WINDOWS\System32\IMM32.DLL
0x00000000661e0000 - 0x00000000662b2000 	C:\java64\jre\bin\msvcr100.dll
0x0000000066bf0000 - 0x0000000067495000 	C:\java64\jre\bin\server\jvm.dll
0x00007ffb20ad0000 - 0x00007ffb20ad8000 	C:\WINDOWS\System32\PSAPI.DLL
0x00007ffb1cf20000 - 0x00007ffb1cf29000 	C:\WINDOWS\SYSTEM32\WSOCK32.dll
0x00007ffb20900000 - 0x00007ffb2096f000 	C:\WINDOWS\System32\WS2_32.dll
0x00007ffb15b20000 - 0x00007ffb15b44000 	C:\WINDOWS\SYSTEM32\WINMM.dll
0x00007ffb155a0000 - 0x00007ffb155aa000 	C:\WINDOWS\SYSTEM32\VERSION.dll
0x00007ffb15a70000 - 0x00007ffb15a9d000 	C:\WINDOWS\SYSTEM32\WINMMBASE.dll
0x00007ffb1f240000 - 0x00007ffb1f28a000 	C:\WINDOWS\System32\cfgmgr32.dll
0x00007ffb1bf30000 - 0x00007ffb1bf3f000 	C:\java64\jre\bin\verify.dll
0x00007ffb0ac30000 - 0x00007ffb0ac59000 	C:\java64\jre\bin\java.dll
0x00007ffb1a550000 - 0x00007ffb1a566000 	C:\java64\jre\bin\zip.dll
0x00007ffb20210000 - 0x00007ffb208f2000 	C:\WINDOWS\System32\SHELL32.dll
0x00007ffb1f900000 - 0x00007ffb1f9a9000 	C:\WINDOWS\System32\shcore.dll
0x00007ffb1ea60000 - 0x00007ffb1f1dc000 	C:\WINDOWS\System32\windows.storage.dll
0x00007ffb1e4d0000 - 0x00007ffb1e4ef000 	C:\WINDOWS\System32\profapi.dll
0x00007ffb1e460000 - 0x00007ffb1e4aa000 	C:\WINDOWS\System32\powrprof.dll
0x00007ffb1e430000 - 0x00007ffb1e440000 	C:\WINDOWS\System32\UMPDC.dll
0x00007ffb1f8a0000 - 0x00007ffb1f8f2000 	C:\WINDOWS\System32\shlwapi.dll
0x00007ffb1e440000 - 0x00007ffb1e451000 	C:\WINDOWS\System32\kernel.appcore.dll
0x00007ffb1e850000 - 0x00007ffb1e867000 	C:\WINDOWS\System32\cryptsp.dll
0x00007ffb19040000 - 0x00007ffb1905a000 	C:\java64\jre\bin\net.dll
0x00007ffb13780000 - 0x00007ffb13956000 	C:\WINDOWS\SYSTEM32\urlmon.dll
0x00007ffb134d0000 - 0x00007ffb13776000 	C:\WINDOWS\SYSTEM32\iertutil.dll
0x00007ffb1de10000 - 0x00007ffb1de1c000 	C:\WINDOWS\SYSTEM32\CRYPTBASE.DLL
0x00007ffb1dc40000 - 0x00007ffb1dca7000 	C:\WINDOWS\system32\mswsock.dll
0x00007ffb18990000 - 0x00007ffb189a2000 	C:\java64\jre\bin\nio.dll

VM Arguments:
jvm_args: -Dfile.encoding=Cp1252 
java_command: com.jiracreator.ConvertYAMLToJSON
java_class_path (initial): C:\Users\BP073925\Jira-Creator\Jira-Creator\target\classes;C:\Users\BP073925\.m2\repository\com\fasterxml\jackson\dataformat\jackson-dataformat-yaml\2.3.0\jackson-dataformat-yaml-2.3.0.jar;C:\Users\BP073925\.m2\repository\com\fasterxml\jackson\core\jackson-core\2.3.0\jackson-core-2.3.0.jar;C:\Users\BP073925\.m2\repository\com\fasterxml\jackson\core\jackson-databind\2.2.3\jackson-databind-2.2.3.jar;C:\Users\BP073925\.m2\repository\com\fasterxml\jackson\core\jackson-annotations\2.2.3\jackson-annotations-2.2.3.jar;C:\Users\BP073925\.m2\repository\org\apache\commons\commons-lang3\3.4\commons-lang3-3.4.jar;C:\Users\BP073925\.m2\repository\org\apache\httpcomponents\httpclient\4.5.10\httpclient-4.5.10.jar;C:\Users\BP073925\.m2\repository\org\apache\httpcomponents\httpcore\4.4.12\httpcore-4.4.12.jar;C:\Users\BP073925\.m2\repository\commons-logging\commons-logging\1.2\commons-logging-1.2.jar;C:\Users\BP073925\.m2\repository\commons-codec\commons-codec\1.11\commons-codec-1.11.jar;C:\Users\BP073925\.m2\repository\commons-cli\commons-cli\1.4\commons-cli-1.4.jar;C:\Users\BP073925\.m2\repository\com\sun\jersey\jersey-client\1.8-atlassian-6\jersey-client-1.8-atlassian-6.jar;C:\Users\BP073925\.m2\repository\org\json\json\20090211\json-20090211.jar;C:\Users\BP073925\.m2\repository\commons-io\commons-io\2.6\commons-io-2.6.jar;C:\Users\BP073925\.m2\repository\com\atlassian\jira\jira-rest-java-client-api\3.0.0\jira-rest-java-client-api-3.0.0.jar;C:\Users\BP073925\.m2\repository\com\atlassian\util\concurrent\atlassian-util-concurrent\2.4.0-M9\atlassian-util-concurrent-2.4.0-M9.jar;C:\Users\BP073925\.m2\repository\com\atlassian\httpclient\atlassian-httpclient-api\0.13.2\atlassian-httpclient-api-0.13.2.jar;C:\Users\BP073925\.m2\repository\com\atlassian\httpclient\atlassian-httpclient-spi\0.13.2\atlassian-httpclient-spi-0.13.2.jar;C:\Users\BP073925\.m2\repository\joda-time\joda-time\1.6\joda-time-1.6.jar;C:\Users\BP073925\.m2\repository\com\google\guava\guava\1
Launcher Type: SUN_STANDARD

Environment Variables:
JAVA_HOME=C:\java64
PATH=C:/java64/bin/../jre/bin/server;C:/java64/bin/../jre/bin;C:/java64/bin/../jre/lib/amd64;C:\java64\bin;C:\WINDOWS\system32;C:\WINDOWS;C:\WINDOWS\System32\Wbem;C:\WINDOWS\System32\WindowsPowerShell\v1.0\;C:\WINDOWS\System32\OpenSSH\;C:\Program Files\Git\cmd;C:\Program Files (x86)\Common Files\Oracle\Java\javapath;C:\Users\BP073925\Downloads\apache-maven-3.6.2-bin\apache-maven-3.6.2\bin;C:\Users\BP073925\AppData\Local\Microsoft\WindowsApps;;C:\WINDOWS\system32;
USERNAME=BP073925
OS=Windows_NT
PROCESSOR_IDENTIFIER=Intel64 Family 6 Model 61 Stepping 4, GenuineIntel



---------------  S Y S T E M  ---------------

OS: Windows 10.0 , 64 bit Build 18362 (10.0.18362.86)

CPU:total 4 (initial active 4) (2 cores per cpu, 2 threads per core) family 6 model 61 stepping 4, cmov, cx8, fxsr, mmx, sse, sse2, sse3, ssse3, sse4.1, sse4.2, popcnt, avx, avx2, aes, clmul, erms, rtm, 3dnowpref, lzcnt, ht, tsc, tscinvbit, bmi1, bmi2, adx

Memory: 4k page, physical 8277396k(291212k free), swap 33443220k(2688k free)

vm_info: Java HotSpot(TM) 64-Bit Server VM (25.221-b11) for windows-amd64 JRE (1.8.0_221-b11), built on Jul  4 2019 04:39:29 by "java_re" with MS VC++ 10.0 (VS2010)

time: Tue Sep 24 23:10:43 2019
timezone: India Standard Time
elapsed time: 3 seconds (0d 0h 0m 3s)

